{
  "RSpec": {
    "coverage": {
      "/chat_server/app/models/user.rb": [
        1,
        1,
        1,
        null,
        1,
        null,
        1,
        1,
        null,
        null
      ],
      "/chat_server/app/models/application_record.rb": [
        1,
        1,
        null
      ],
      "/chat_server/app/services/authentication/crypt_service.rb": [
        1,
        1,
        1,
        1,
        null,
        null,
        1,
        0,
        null,
        null,
        null
      ],
      "/chat_server/app/channels/application_cable/channel.rb": [
        0,
        0,
        0,
        0
      ],
      "/chat_server/app/channels/application_cable/connection.rb": [
        0,
        0,
        0,
        null,
        0,
        0,
        0,
        null,
        0,
        null,
        0,
        0,
        0,
        null,
        0,
        0,
        0,
        null,
        0,
        0
      ],
      "/chat_server/app/channels/users_channel.rb": [
        null,
        0,
        0,
        0,
        0,
        0,
        null,
        0,
        0,
        0,
        0
      ],
      "/chat_server/app/controllers/application_controller.rb": [
        0,
        0
      ],
      "/chat_server/app/controllers/authentication_controller.rb": [
        0,
        0,
        0,
        0,
        null,
        0,
        0,
        0,
        null,
        0,
        0,
        null,
        0,
        0,
        0,
        0,
        0,
        0,
        0,
        null,
        0,
        null,
        0,
        0,
        0,
        null,
        0,
        0,
        0,
        null,
        0,
        0,
        0,
        null,
        0,
        0,
        0,
        0,
        0,
        0,
        null,
        0,
        0,
        0,
        0
      ],
      "/chat_server/app/models/conversation.rb": [
        0,
        0,
        0,
        0,
        null,
        0
      ],
      "/chat_server/app/models/message.rb": [
        0,
        0,
        0,
        0
      ],
      "/chat_server/app/services/authentication/token_service.rb": [
        0,
        0,
        0,
        0,
        0,
        null,
        0,
        0,
        0,
        0,
        0,
        0,
        0,
        null,
        0,
        null,
        0,
        0,
        0,
        0,
        0
      ],
      "/chat_server/app/services/connection/broadcast_service.rb": [
        0,
        0,
        0,
        0,
        0,
        0,
        0,
        0,
        0
      ],
      "/chat_server/app/services/connection/data/conversation_data.rb": [
        0,
        0,
        0,
        0,
        null,
        0,
        0,
        0,
        0,
        0,
        null,
        0,
        0,
        0,
        0,
        null,
        0,
        null,
        0,
        0,
        0,
        0,
        null,
        0,
        0,
        0,
        0,
        0,
        null,
        0,
        0,
        0,
        0,
        0,
        0,
        null,
        0
      ],
      "/chat_server/app/services/connection/data/message_data.rb": [
        0,
        0,
        0,
        0,
        null,
        0,
        0,
        0,
        0,
        null,
        0,
        null,
        0,
        0,
        0,
        0,
        0,
        0,
        0,
        0,
        null,
        0,
        0,
        0,
        null,
        0
      ],
      "/chat_server/app/services/connection/publisher_service.rb": [
        0,
        0,
        0,
        0,
        null,
        0,
        0,
        0,
        0,
        0,
        0,
        0,
        0,
        0,
        0,
        null,
        0,
        null,
        0,
        0,
        0,
        0
      ],
      "/chat_server/app/services/connection/subscriber_service.rb": [
        0,
        0,
        0,
        0,
        null,
        0,
        0,
        0,
        0,
        null,
        0,
        null,
        0,
        0,
        0,
        0,
        0,
        0,
        null,
        0,
        0,
        0,
        0,
        0,
        0,
        0
      ],
      "/chat_server/app/workers/message_worker.rb": [
        0,
        0,
        0,
        null,
        0,
        null,
        0,
        0,
        0
      ]
    },
    "timestamp": 1546561734
  }
}
