{
  "RSpec": {
    "coverage": {
      "/chat_server/app/channels/application_cable/connection.rb": [
        1,
        1,
        1,
        null,
        1,
        1,
        null,
        null,
        1,
        null,
        1,
        2,
        null,
        null,
        1,
        1,
        null,
        null,
        null,
        null
      ],
      "/chat_server/app/channels/users_channel.rb": [
        null,
        1,
        1,
        2,
        2,
        null,
        null,
        1,
        1,
        null,
        null
      ],
      "/chat_server/app/channels/application_cable/channel.rb": [
        1,
        1,
        null,
        null
      ],
      "/chat_server/app/controllers/authentication_controller.rb": [
        1,
        1,
        2,
        null,
        null,
        1,
        2,
        null,
        null,
        1,
        2,
        null,
        2,
        1,
        1,
        null,
        1,
        null,
        null,
        null,
        1,
        null,
        1,
        2,
        null,
        null,
        1,
        2,
        null,
        null,
        1,
        2,
        null,
        null,
        1,
        2,
        null,
        null,
        null,
        null,
        null,
        1,
        3,
        null,
        null
      ],
      "/chat_server/app/controllers/application_controller.rb": [
        1,
        null
      ],
      "/chat_server/app/models/user.rb": [
        1,
        1,
        1,
        null,
        null,
        1,
        null,
        1,
        null,
        1,
        51,
        null,
        null
      ],
      "/chat_server/app/models/application_record.rb": [
        1,
        1,
        null
      ],
      "/chat_server/app/services/authentication/crypt_service.rb": [
        1,
        1,
        1,
        53,
        null,
        null,
        1,
        3,
        null,
        null,
        null
      ],
      "/chat_server/app/services/authentication/token_service.rb": [
        1,
        1,
        1,
        6,
        null,
        null,
        6,
        null,
        5,
        null,
        2,
        null,
        null,
        null,
        null
      ],
      "/chat_server/app/services/connection/broadcast_service.rb": [
        1,
        1,
        1,
        11,
        15,
        null,
        null,
        null,
        null
      ],
      "/chat_server/app/services/connection/data/conversation_data.rb": [
        1,
        1,
        6,
        null,
        null,
        1,
        4,
        4,
        4,
        null,
        null,
        1,
        2,
        2,
        null,
        null,
        1,
        null,
        1,
        4,
        4,
        null,
        null,
        1,
        6,
        6,
        6,
        null,
        null,
        1,
        6,
        null,
        null,
        null,
        null,
        null,
        null
      ],
      "/chat_server/app/services/connection/data/message_data.rb": [
        1,
        1,
        4,
        null,
        null,
        1,
        4,
        4,
        null,
        null,
        1,
        null,
        1,
        8,
        null,
        null,
        null,
        null,
        null,
        null,
        null,
        1,
        4,
        null,
        null,
        null
      ],
      "/chat_server/app/services/connection/subscriber_service.rb": [
        1,
        1,
        5,
        null,
        null,
        1,
        3,
        3,
        null,
        null,
        1,
        null,
        1,
        4,
        null,
        null,
        null,
        null,
        null,
        1,
        4,
        null,
        null,
        null,
        null,
        null
      ],
      "/chat_server/app/models/conversation.rb": [
        1,
        1,
        1,
        1,
        null,
        null
      ],
      "/chat_server/app/models/message.rb": [
        1,
        1,
        1,
        null
      ],
      "/chat_server/app/services/connection/publisher_service.rb": [
        1,
        1,
        4,
        null,
        null,
        1,
        4,
        null,
        2,
        null,
        1,
        null,
        1,
        null,
        null,
        null,
        1,
        null,
        1,
        4,
        null,
        null
      ],
      "/chat_server/app/workers/message_worker.rb": [
        1,
        1,
        1,
        null,
        1,
        null,
        1,
        null,
        null
      ]
    },
    "timestamp": 1546613375
  }
}
